<?xml version="1.0" encoding="UTF-8"?>
<testsuite xmlns:xsi="http://www.w3.org/2001/XMLSchema-instance" xsi:noNamespaceSchemaLocation="https://maven.apache.org/surefire/maven-surefire-plugin/xsd/surefire-test-report-3.0.xsd" version="3.0" name="br.com.casanovadigital.servicos.notificacao.testes.TesteConformidade" time="5.894" tests="1" errors="0" skipped="0" failures="0">
  <properties>
[...]
</properties>
  <testcase name="teste" classname="br.com.casanovadigital.servicos.notificacao.testes.TesteConformidade" time="5.829">
    <system-out><![CDATA[nome clientecoletivoJava
com.super_bits.modulosSB.SBCore.ConfigGeral.arquivosConfiguracao.ArquivoConfiguracaoDistribuicao@1e730495
COnfigurando Mapa de Ações do sistema
############################################################################################
##
##
##
##CORE INICIADO EM MODO DESENVOLVIMENTO (UTILIZE APENAS PARA TESTES UNITÁRIOS) 
 ##
##
##
##
##
##
##
############################################################################################
############################################################################################
##
##
##
##Atenção, a Classe SBCore é o coração do superbits framework, 
## através do core é possível executar as ações do sistema em diversos ambientes 
## As seguintes classes foram configuradas para este ambiente: 
## Central de Mensagens: CentramMensagemProgramadorMsgStop.class 
## Central de Eventos: CentralLogEventosArqTextoGenerica.class 
## Controle de Sessao: ControleDeSessaoPadrao.class 
## Central de Localização: CentralLocalizacaoSBPersistencia.class 
## Central de Arquivos: CentralDeArquivosJar.class 
## Central de comunicacao:CentralComunicacaoDesktop.class 
## Central de Visualização: ServicoVisualizacaoSemVisualizacao.class  
## Central de Atributos: CentralAtributosSBPersistencia.class 
##
##
##
##
##
##
##
############################################################################################
--> Nenhuma classe de permissao foi definida
************************************************************* 

SBCoreInfo: Informações de Do projeto: 

Nome do projeto: SBErpServicoComunicacao/modelRegras 
Nome Social: SBErp Model JPA Servico comunicaÃ§Ã£o 
Tipo Projeto Executado:jar 
Grupo projeto: erpColetivoJava 
Diretorio Base:  
Cliente: coletivoJava 


************************************************************* 

-Caminho do projeto:/home/superBits/projetos/coletivoJava/source/erpColetivoJava/SBErpServicoComunicacao/modelRegras
2025-06-30 11:14:55,416 main WARN No Root logger was configured, creating default ERROR-level Root logger with Console appender
iniciando EntityManagerFactory com:
hibernate.connection.driver_class->com.mysql.cj.jdbc.Driver
hibernate.format_sql->true
hibernate.use_sql_comments->true
javax.persistence.sharedCache.mode->ENABLE_SELECTIVE
hibernate.hbm2ddl.auto->none
hibernate.connection.provider_class->org.hibernate.hikaricp.internal.HikariCPConnectionProvider
hibernate.hikari.driverClassName->com.mysql.cj.jdbc.Driver
hibernate.cache.use_query_cache->true
hibernate.event.merge.entity_copy_observer->allow
hibernate.cache.use_second_level_cache->true
hibernate.hikari.maxLifetime->1800000
hibernate.hikari.minimumIdle->2
javax.persistence.jdbc.url->jdbc:mysql://localhost/SBErpServicoComunicacaoModel?createDatabaseIfNotExist=true&useSSL=false
hibernate.hikari.idleTimeout->30000
hibernate.show_sql->true
hibernate.cache.region.factory_class->org.hibernate.cache.ehcache.EhCacheRegionFactory
javax.persistence.jdbc.password->senhaDev#123
hibernate.hikari.maximumPoolSize->10
hibernate.hikari.connectionTimeout->20000
org.hibernate.cacheable->true
class com.super_bits.casanovadigital.servicos.messagens.model.agente.Contato
org.hibernate.metamodel.model.domain.internal.EntityTypeImpl
class com.super_bits.casanovadigital.servicos.messagens.model.mensagem.MensagemTrOrigemMatrix
org.hibernate.metamodel.model.domain.internal.EntityTypeImpl
class com.super_bits.casanovadigital.servicos.messagens.model.mensagem.MensagemTrOrigemWhatsapp
org.hibernate.metamodel.model.domain.internal.EntityTypeImpl
class com.super_bits.casanovadigital.servicos.messagens.model.mensagem.MensagemTransito
org.hibernate.metamodel.model.domain.internal.EntityTypeImpl
class com.super_bits.casanovadigital.servicos.messagens.model.agente.Atendente
org.hibernate.metamodel.model.domain.internal.EntityTypeImpl
class com.super_bits.casanovadigital.servicos.messagens.model.agente.Pessoa
org.hibernate.metamodel.model.domain.internal.EntityTypeImpl
Executando comando[/home/superBits/projetos/coletivoJava/source/erpColetivoJava/apagaBanco.sh]
Database "SBErpServicoComunicacaoModel" dropped
Retorno Apaga banco=Database "SBErpServicoComunicacaoModel" dropped

Executando comando[/home/superBits/projetos/coletivoJava/source/erpColetivoJava/carregaBanco.sh]
Retorno Carrega Banco
Este projeto não tem script Final para ser executado
/home/superBits/projetos/coletivoJava/source/erpColetivoJava/carregaBanco.sh -> não foi executado
Configurando Campos de entidades
Configurando campos de:Pessoa
Configurando campos de:Atendente
Configurando campos de:MensagemTrOrigemMatrix
Configurando campos de:MensagemTrOrigemWhatsapp
Configurando campos de:Contato
Configurando campos de:MensagemTransito
Campos de entidade configurados com sucesso[class com.super_bits.casanovadigital.servicos.messagens.model.agente.Pessoa, class com.super_bits.casanovadigital.servicos.messagens.model.agente.Atendente, class com.super_bits.casanovadigital.servicos.messagens.model.mensagem.MensagemTrOrigemMatrix, class com.super_bits.casanovadigital.servicos.messagens.model.mensagem.MensagemTrOrigemWhatsapp, class com.super_bits.casanovadigital.servicos.messagens.model.agente.Contato, class com.super_bits.casanovadigital.servicos.messagens.model.mensagem.MensagemTransito]
INIT PADRAO
O código abaixo será Salvo em :/home/superBits/projetos/coletivoJava/source/erpColetivoJava/SBErpServicoComunicacao/modelRegras/src/main/java/org/coletivoJava/fw/projetos/erpColetivoJava/api/model/pessoa/CPPessoa.java
-------------
package org.coletivoJava.fw.projetos.erpColetivoJava.api.model.pessoa;

import com.super_bits.casanovadigital.servicos.messagens.model.agente.Pessoa;
import com.super_bits.modulosSB.SBCore.modulos.objetos.InfoCampos.anotacoes.InfoReferenciaEntidade;

@InfoReferenciaEntidade(tipoObjeto = Pessoa.class)
public enum CPPessoa {
	_ID, _NOME, _AVATARWATSAP, _WTZPID, _MATRIXID, _TIPOPESSOA, _DATAHORACRIACAO, _EMAIL, _TELEFONE;

	public static final String id = "id";
	public static final String nome = "nome";
	public static final String avatarwatsap = "avatarWatsap";
	public static final String wtzpid = "wtzpID";
	public static final String matrixid = "matrixID";
	public static final String tipopessoa = "tipoPessoa";
	public static final String datahoracriacao = "dataHoraCriacao";
	public static final String email = "email";
	public static final String telefone = "telefone";
}
O código abaixo será Salvo em :/home/superBits/projetos/coletivoJava/source/erpColetivoJava/SBErpServicoComunicacao/modelRegras/src/main/java/org/coletivoJava/fw/projetos/erpColetivoJava/api/model/mensagemtransito/CPMensagemTransito.java
-------------
package org.coletivoJava.fw.projetos.erpColetivoJava.api.model.mensagemtransito;

import com.super_bits.casanovadigital.servicos.messagens.model.mensagem.MensagemTransito;
import com.super_bits.modulosSB.SBCore.modulos.objetos.InfoCampos.anotacoes.InfoReferenciaEntidade;

@InfoReferenciaEntidade(tipoObjeto = MensagemTransito.class)
public enum CPMensagemTransito {
	_ID, _NOME, _TIPOMENSAGEM, _TIPOORIGEM, _REGISTRADO, _ENCAMINHADO, _LIDO, _DATAHORACRIACAO, _DAHORAEXPIRAR;

	public static final String id = "id";
	public static final String nome = "nome";
	public static final String tipomensagem = "tipoMensagem";
	public static final String tipoorigem = "tipoOrigem";
	public static final String registrado = "registrado";
	public static final String encaminhado = "encaminhado";
	public static final String lido = "lido";
	public static final String datahoracriacao = "dataHoraCriacao";
	public static final String dahoraexpirar = "daHoraExpirar";
}
O código abaixo será Salvo em :/home/superBits/projetos/coletivoJava/source/erpColetivoJava/SBErpServicoComunicacao/modelRegras/src/main/java/org/coletivoJava/fw/projetos/erpColetivoJava/api/model/contato/CPContato.java
-------------
package org.coletivoJava.fw.projetos.erpColetivoJava.api.model.contato;

import com.super_bits.casanovadigital.servicos.messagens.model.agente.Contato;
import com.super_bits.modulosSB.SBCore.modulos.objetos.InfoCampos.anotacoes.InfoReferenciaEntidade;

@InfoReferenciaEntidade(tipoObjeto = Contato.class)
public enum CPContato {
}
O código abaixo será Salvo em :/home/superBits/projetos/coletivoJava/source/erpColetivoJava/SBErpServicoComunicacao/modelRegras/src/main/java/org/coletivoJava/fw/projetos/erpColetivoJava/api/model/mensagemtrorigemmatrix/CPMensagemTrOrigemMatrix.java
-------------
package org.coletivoJava.fw.projetos.erpColetivoJava.api.model.mensagemtrorigemmatrix;

import com.super_bits.casanovadigital.servicos.messagens.model.mensagem.MensagemTrOrigemMatrix;
import com.super_bits.modulosSB.SBCore.modulos.objetos.InfoCampos.anotacoes.InfoReferenciaEntidade;

@InfoReferenciaEntidade(tipoObjeto = MensagemTrOrigemMatrix.class)
public enum CPMensagemTrOrigemMatrix {
	_CODIGORECIBOENTREGAMATRIX, _CODIGOENCAMINHAMENTOWHATSAPP;

	public static final String codigoreciboentregamatrix = "codigoReciboEntregaMatrix";
	public static final String codigoencaminhamentowhatsapp = "codigoEncaminhamentoWhatsapp";
}
O código abaixo será Salvo em :/home/superBits/projetos/coletivoJava/source/erpColetivoJava/SBErpServicoComunicacao/modelRegras/src/main/java/org/coletivoJava/fw/projetos/erpColetivoJava/api/model/atendente/CPAtendente.java
-------------
package org.coletivoJava.fw.projetos.erpColetivoJava.api.model.atendente;

import com.super_bits.casanovadigital.servicos.messagens.model.agente.Atendente;
import com.super_bits.modulosSB.SBCore.modulos.objetos.InfoCampos.anotacoes.InfoReferenciaEntidade;

@InfoReferenciaEntidade(tipoObjeto = Atendente.class)
public enum CPAtendente {
}
O código abaixo será Salvo em :/home/superBits/projetos/coletivoJava/source/erpColetivoJava/SBErpServicoComunicacao/modelRegras/src/main/java/org/coletivoJava/fw/projetos/erpColetivoJava/api/model/mensagemtrorigemwhatsapp/CPMensagemTrOrigemWhatsapp.java
-------------
package org.coletivoJava.fw.projetos.erpColetivoJava.api.model.mensagemtrorigemwhatsapp;

import com.super_bits.casanovadigital.servicos.messagens.model.mensagem.MensagemTrOrigemWhatsapp;
import com.super_bits.modulosSB.SBCore.modulos.objetos.InfoCampos.anotacoes.InfoReferenciaEntidade;

@InfoReferenciaEntidade(tipoObjeto = MensagemTrOrigemWhatsapp.class)
public enum CPMensagemTrOrigemWhatsapp {
	_CODIGORECIBOENTREGAWHATSAPP, _CODIGOENCAMINHAMENTOMATRIX;

	public static final String codigoreciboentregawhatsapp = "codigoReciboEntregaWhatsapp";
	public static final String codigoencaminhamentomatrix = "codigoEncaminhamentoMatrix";
}
]]></system-out>
    <system-err><![CDATA[SLF4J: Failed to load class "org.slf4j.impl.StaticLoggerBinder".
SLF4J: Defaulting to no-operation (NOP) logger implementation
SLF4J: See http://www.slf4j.org/codes.html#StaticLoggerBinder for further details.
]]></system-err>
  </testcase>
</testsuite>