<?xml version="1.0" encoding="UTF-8"?>
<testsuite xmlns:xsi="http://www.w3.org/2001/XMLSchema-instance" xsi:noNamespaceSchemaLocation="https://maven.apache.org/surefire/maven-surefire-plugin/xsd/surefire-test-report-3.0.xsd" version="3.0" name="br.com.casanovadigital.servicos.notificacao.testes.TesteConformidade" time="6.764" tests="1" errors="0" skipped="0" failures="0">
  <properties>
[...]
</properties>
  <testcase name="teste" classname="br.com.casanovadigital.servicos.notificacao.testes.TesteConformidade" time="6.683">
    <system-out><![CDATA[nome clientecoletivoJava
com.super_bits.modulosSB.SBCore.ConfigGeral.arquivosConfiguracao.ArquivoConfiguracaoDistribuicao@59f99ea
COnfigurando Mapa de Ações do sistema
############################################################################################
##
##
##
##CORE INICIADO EM MODO DESENVOLVIMENTO (UTILIZE APENAS PARA TESTES UNITÁRIOS) 
 ##
##
##
##
##
##
##
############################################################################################
############################################################################################
##
##
##
##Atenção, a Classe SBCore é o coração do superbits framework, 
## através do core é possível executar as ações do sistema em diversos ambientes 
## As seguintes classes foram configuradas para este ambiente: 
## Central de Mensagens: CentramMensagemProgramadorMsgStop.class 
## Central de Eventos: CentralLogEventosArqTextoGenerica.class 
## Controle de Sessao: ControleDeSessaoPadrao.class 
## Central de Localização: CentralLocalizacaoSBPersistencia.class 
## Central de Arquivos: CentralDeArquivosJar.class 
## Central de comunicacao:CentralComunicacaoDesktop.class 
## Central de Visualização: ServicoVisualizacaoSemVisualizacao.class  
## Central de Atributos: CentralAtributosSBPersistencia.class 
##
##
##
##
##
##
##
############################################################################################
--> Nenhuma classe de permissao foi definida
************************************************************* 

SBCoreInfo: Informações de Do projeto: 

Nome do projeto: SBErpServicoComunicacao/modelRegras 
Nome Social: SBErp Model JPA Servico comunicaÃ§Ã£o 
Tipo Projeto Executado:jar 
Grupo projeto: erpColetivoJava 
Diretorio Base:  
Cliente: coletivoJava 


************************************************************* 

-Caminho do projeto:/home/superBits/projetos/coletivoJava/source/erpColetivoJava/SBErpServicoComunicacao/modelRegras
2025-08-03 15:23:50,932 main WARN No Root logger was configured, creating default ERROR-level Root logger with Console appender
iniciando EntityManagerFactory com:
hibernate.connection.driver_class->com.mysql.cj.jdbc.Driver
hibernate.format_sql->true
hibernate.use_sql_comments->true
javax.persistence.sharedCache.mode->ENABLE_SELECTIVE
hibernate.hbm2ddl.auto->none
hibernate.connection.provider_class->org.hibernate.hikaricp.internal.HikariCPConnectionProvider
hibernate.hikari.driverClassName->com.mysql.cj.jdbc.Driver
hibernate.cache.use_query_cache->true
hibernate.event.merge.entity_copy_observer->allow
hibernate.cache.use_second_level_cache->true
hibernate.hikari.maxLifetime->1800000
hibernate.hikari.minimumIdle->2
javax.persistence.jdbc.url->jdbc:mysql://localhost/SBErpServicoComunicacaoModel?createDatabaseIfNotExist=true&useSSL=false
hibernate.hikari.idleTimeout->30000
hibernate.show_sql->true
hibernate.cache.region.factory_class->org.hibernate.cache.ehcache.EhCacheRegionFactory
javax.persistence.jdbc.password->senhaDev#123
hibernate.hikari.maximumPoolSize->10
hibernate.hikari.connectionTimeout->20000
org.hibernate.cacheable->true
class com.super_bits.casanovadigital.servicos.messagens.model.mensagem.MensagemTrOrigemMatrix
org.hibernate.metamodel.model.domain.internal.EntityTypeImpl
class com.super_bits.casanovadigital.servicos.messagens.model.mensagem.MensagemTrOrigemWhatsapp
org.hibernate.metamodel.model.domain.internal.EntityTypeImpl
class com.super_bits.casanovadigital.servicos.messagens.model.agente.Atendente
org.hibernate.metamodel.model.domain.internal.EntityTypeImpl
class com.super_bits.casanovadigital.servicos.messagens.model.mensagem.EncaminhamentoMatrixParaWtzp
org.hibernate.metamodel.model.domain.internal.EntityTypeImpl
class com.super_bits.casanovadigital.servicos.messagens.model.agente.canais.CanalOminieChanelWtzp
org.hibernate.metamodel.model.domain.internal.EntityTypeImpl
class com.super_bits.casanovadigital.servicos.messagens.model.agente.canais.CanalOminieChannel
org.hibernate.metamodel.model.domain.internal.EntityTypeImpl
class com.super_bits.casanovadigital.servicos.messagens.model.agente.Contato
org.hibernate.metamodel.model.domain.internal.EntityTypeImpl
class com.super_bits.casanovadigital.servicos.messagens.model.mensagem.MensagemTransito
org.hibernate.metamodel.model.domain.internal.EntityTypeImpl
class com.super_bits.casanovadigital.servicos.messagens.model.agente.ContextoContato
org.hibernate.metamodel.model.domain.internal.EntityTypeImpl
class com.super_bits.casanovadigital.servicos.messagens.model.agente.canais.CanalChatFacebook
org.hibernate.metamodel.model.domain.internal.EntityTypeImpl
class com.super_bits.casanovadigital.servicos.messagens.model.agente.Pessoa
org.hibernate.metamodel.model.domain.internal.EntityTypeImpl
class com.super_bits.casanovadigital.servicos.messagens.model.agente.canais.CanalTypebot
org.hibernate.metamodel.model.domain.internal.EntityTypeImpl
Executando comando[/home/superBits/projetos/coletivoJava/source/erpColetivoJava/apagaBanco.sh]
Database "SBErpServicoComunicacaoModel" dropped
Retorno Apaga banco=Database "SBErpServicoComunicacaoModel" dropped

Hibernate: 
    
    alter table ContextoContato 
       drop 
       foreign key FK9nbiyxmwd6ot5qo60eejf64qe
Hibernate: 
    
    alter table ContextoContato 
       drop 
       foreign key FKba9ts0dy0ss937rciw404soiy
Hibernate: 
    
    alter table EncaminhamentoMatrixParaWtzp 
       drop 
       foreign key FKha7y8n0ffxwu1qu43x3pkk562
Hibernate: 
    
    alter table EncaminhamentoMatrixParaWtzp 
       drop 
       foreign key FKhxbq3xf658ivsqwieejcnn9xm
Hibernate: 
    
    drop table if exists CanalOminieChannel
Hibernate: 
    
    drop table if exists ContextoContato
Hibernate: 
    
    drop table if exists EncaminhamentoMatrixParaWtzp
Hibernate: 
    
    drop table if exists hibernate_sequence
Hibernate: 
    
    drop table if exists MensagemTransito
Hibernate: 
    
    drop table if exists Pessoa
Hibernate: 
    
    create table CanalOminieChannel (
       DTYPE varchar(31) not null,
        id bigint not null,
        descricao varchar(255),
        primary key (id)
    ) engine=InnoDB
Hibernate: 
    
    create table ContextoContato (
       id bigint not null,
        codigoEntrada varchar(255),
        dataHoraFinalSessao datetime(6),
        dataHoraInicioSessao datetime(6),
        dataHoraInteracaoAtendimento datetime(6),
        dataHoraInteracaoContato datetime(6),
        trilhaAtual varchar(255),
        canal_id bigint,
        contato_id bigint,
        primary key (id)
    ) engine=InnoDB
Hibernate: 
    
    create table EncaminhamentoMatrixParaWtzp (
       id bigint not null auto_increment,
        nome varchar(255),
        reciboEntregaWtzp varchar(255),
        reciboLeituraWtzp varchar(255),
        reciboRegistrooWtzp varchar(255),
        contato_id bigint,
        mensagem_id bigint,
        primary key (id)
    ) engine=InnoDB
Hibernate: 
    
    create table hibernate_sequence (
       next_val bigint
    ) engine=InnoDB
Hibernate: 
    
    insert into hibernate_sequence values ( 1 )
Hibernate: 
    
    create table MensagemTransito (
       tipoMensagem varchar(31) not null,
        id bigint not null auto_increment,
        daHoraExpirar datetime(6),
        dataHoraCriacao datetime(6),
        encaminhado bit not null,
        entradaIdentificadorWhatsapp varchar(255),
        lido bit not null,
        nome varchar(255),
        registrado bit not null,
        salaCodigoMatrix varchar(255),
        tipoOrigem varchar(255),
        codigoReciboMensagemMatrix varchar(255),
        jsonMensagemOriginal varchar(5000),
        codigoEncaminhamentoMatrix varchar(255),
        codigoRegistroMensagemWhatsapp varchar(255),
        corpoJsonRecebido varchar(255),
        dataHoraRespostaDoAtendimento datetime(6),
        primary key (id)
    ) engine=InnoDB
Hibernate: 
    
    create table Pessoa (
       tipoPessoa varchar(31) not null,
        id bigint not null,
        avatarWatsap varchar(255),
        dataHoraCriacao datetime(6),
        email varchar(255),
        matrixID varchar(255) not null,
        nome varchar(255),
        telefone varchar(255),
        dataHoraUltimaInteracao datetime(6),
        jsonDadosDoContexto varchar(255),
        waid varchar(255),
        primary key (id)
    ) engine=InnoDB
Hibernate: 
    
    alter table ContextoContato 
       add constraint FK9nbiyxmwd6ot5qo60eejf64qe 
       foreign key (canal_id) 
       references CanalOminieChannel (id)
Hibernate: 
    
    alter table ContextoContato 
       add constraint FKba9ts0dy0ss937rciw404soiy 
       foreign key (contato_id) 
       references Pessoa (id)
Hibernate: 
    
    alter table EncaminhamentoMatrixParaWtzp 
       add constraint FKha7y8n0ffxwu1qu43x3pkk562 
       foreign key (contato_id) 
       references Pessoa (id)
Hibernate: 
    
    alter table EncaminhamentoMatrixParaWtzp 
       add constraint FKhxbq3xf658ivsqwieejcnn9xm 
       foreign key (mensagem_id) 
       references MensagemTransito (id)
Hibernate: 
    /* dynamic native SQL query */ CREATE TABLE IF NOT EXISTS controle_id_especial (     nome_classe VARCHAR(100) NOT NULL PRIMARY KEY,     proximo_id BIGINT NOT NULL ) ENGINE=InnoDB;
Executando comando[/home/superBits/projetos/coletivoJava/source/erpColetivoJava/compilaBanco.sh]
Retorno Carrega Banco
Configurando Campos de entidades
Configurando campos de:ContextoContato
Configurando campos de:MensagemTransito
Configurando campos de:MensagemTrOrigemWhatsapp
Configurando campos de:EncaminhamentoMatrixParaWtzp
Configurando campos de:CanalTypebot
Configurando campos de:Pessoa
Configurando campos de:CanalChatFacebook
Configurando campos de:Atendente
Configurando campos de:CanalOminieChanelWtzp
Configurando campos de:Contato
Configurando campos de:CanalOminieChannel
Configurando campos de:MensagemTrOrigemMatrix
Campos de entidade configurados com sucesso[class com.super_bits.casanovadigital.servicos.messagens.model.agente.ContextoContato, class com.super_bits.casanovadigital.servicos.messagens.model.mensagem.MensagemTransito, class com.super_bits.casanovadigital.servicos.messagens.model.mensagem.MensagemTrOrigemWhatsapp, class com.super_bits.casanovadigital.servicos.messagens.model.mensagem.EncaminhamentoMatrixParaWtzp, class com.super_bits.casanovadigital.servicos.messagens.model.agente.canais.CanalTypebot, class com.super_bits.casanovadigital.servicos.messagens.model.agente.Pessoa, class com.super_bits.casanovadigital.servicos.messagens.model.agente.canais.CanalChatFacebook, class com.super_bits.casanovadigital.servicos.messagens.model.agente.Atendente, class com.super_bits.casanovadigital.servicos.messagens.model.agente.canais.CanalOminieChanelWtzp, class com.super_bits.casanovadigital.servicos.messagens.model.agente.Contato, class com.super_bits.casanovadigital.servicos.messagens.model.agente.canais.CanalOminieChannel, class com.super_bits.casanovadigital.servicos.messagens.model.mensagem.MensagemTrOrigemMatrix]
INIT PADRAO
O código abaixo será Salvo em :/home/superBits/projetos/coletivoJava/source/erpColetivoJava/SBErpServicoComunicacao/modelRegras/src/main/java/org/coletivoJava/fw/projetos/erpColetivoJava/api/model/canalchatfacebook/CPCanalChatFacebook.java
-------------
package org.coletivoJava.fw.projetos.erpColetivoJava.api.model.canalchatfacebook;

import com.super_bits.casanovadigital.servicos.messagens.model.agente.canais.CanalChatFacebook;
import com.super_bits.modulosSB.SBCore.modulos.objetos.InfoCampos.anotacoes.InfoReferenciaEntidade;

@InfoReferenciaEntidade(tipoObjeto = CanalChatFacebook.class)
public enum CPCanalChatFacebook {
}
O código abaixo será Salvo em :/home/superBits/projetos/coletivoJava/source/erpColetivoJava/SBErpServicoComunicacao/modelRegras/src/main/java/org/coletivoJava/fw/projetos/erpColetivoJava/api/model/mensagemtrorigemmatrix/CPMensagemTrOrigemMatrix.java
-------------
package org.coletivoJava.fw.projetos.erpColetivoJava.api.model.mensagemtrorigemmatrix;

import com.super_bits.casanovadigital.servicos.messagens.model.mensagem.MensagemTrOrigemMatrix;
import com.super_bits.modulosSB.SBCore.modulos.objetos.InfoCampos.anotacoes.InfoReferenciaEntidade;

@InfoReferenciaEntidade(tipoObjeto = MensagemTrOrigemMatrix.class)
public enum CPMensagemTrOrigemMatrix {
	_JSONMENSAGEMORIGINAL, _ENCAMINHAMENTOS, _CODIGORECIBOMENSAGEMMATRIX;

	public static final String jsonmensagemoriginal = "jsonMensagemOriginal";
	public static final String encaminhamentos = "encaminhamentos";
	public static final String codigorecibomensagemmatrix = "codigoReciboMensagemMatrix";
}
O código abaixo será Salvo em :/home/superBits/projetos/coletivoJava/source/erpColetivoJava/SBErpServicoComunicacao/modelRegras/src/main/java/org/coletivoJava/fw/projetos/erpColetivoJava/api/model/mensagemtrorigemwhatsapp/CPMensagemTrOrigemWhatsapp.java
-------------
package org.coletivoJava.fw.projetos.erpColetivoJava.api.model.mensagemtrorigemwhatsapp;

import com.super_bits.casanovadigital.servicos.messagens.model.mensagem.MensagemTrOrigemWhatsapp;
import com.super_bits.modulosSB.SBCore.modulos.objetos.InfoCampos.anotacoes.InfoReferenciaEntidade;

@InfoReferenciaEntidade(tipoObjeto = MensagemTrOrigemWhatsapp.class)
public enum CPMensagemTrOrigemWhatsapp {
	_CODIGOREGISTROMENSAGEMWHATSAPP, _CODIGOENCAMINHAMENTOMATRIX, _CORPOJSONRECEBIDO, _DATAHORARESPOSTADOATENDIMENTO;

	public static final String codigoregistromensagemwhatsapp = "codigoRegistroMensagemWhatsapp";
	public static final String codigoencaminhamentomatrix = "codigoEncaminhamentoMatrix";
	public static final String corpojsonrecebido = "corpoJsonRecebido";
	public static final String datahorarespostadoatendimento = "dataHoraRespostaDoAtendimento";
}
O código abaixo será Salvo em :/home/superBits/projetos/coletivoJava/source/erpColetivoJava/SBErpServicoComunicacao/modelRegras/src/main/java/org/coletivoJava/fw/projetos/erpColetivoJava/api/model/canaltypebot/CPCanalTypebot.java
-------------
package org.coletivoJava.fw.projetos.erpColetivoJava.api.model.canaltypebot;

import com.super_bits.casanovadigital.servicos.messagens.model.agente.canais.CanalTypebot;
import com.super_bits.modulosSB.SBCore.modulos.objetos.InfoCampos.anotacoes.InfoReferenciaEntidade;

@InfoReferenciaEntidade(tipoObjeto = CanalTypebot.class)
public enum CPCanalTypebot {
}
O código abaixo será Salvo em :/home/superBits/projetos/coletivoJava/source/erpColetivoJava/SBErpServicoComunicacao/modelRegras/src/main/java/org/coletivoJava/fw/projetos/erpColetivoJava/api/model/canalominiechanelwtzp/CPCanalOminieChanelWtzp.java
-------------
package org.coletivoJava.fw.projetos.erpColetivoJava.api.model.canalominiechanelwtzp;

import com.super_bits.casanovadigital.servicos.messagens.model.agente.canais.CanalOminieChanelWtzp;
import com.super_bits.modulosSB.SBCore.modulos.objetos.InfoCampos.anotacoes.InfoReferenciaEntidade;

@InfoReferenciaEntidade(tipoObjeto = CanalOminieChanelWtzp.class)
public enum CPCanalOminieChanelWtzp {
}
O código abaixo será Salvo em :/home/superBits/projetos/coletivoJava/source/erpColetivoJava/SBErpServicoComunicacao/modelRegras/src/main/java/org/coletivoJava/fw/projetos/erpColetivoJava/api/model/atendente/CPAtendente.java
-------------
package org.coletivoJava.fw.projetos.erpColetivoJava.api.model.atendente;

import com.super_bits.casanovadigital.servicos.messagens.model.agente.Atendente;
import com.super_bits.modulosSB.SBCore.modulos.objetos.InfoCampos.anotacoes.InfoReferenciaEntidade;

@InfoReferenciaEntidade(tipoObjeto = Atendente.class)
public enum CPAtendente {
	_EMAIL;

	public static final String email = "email";
}
O código abaixo será Salvo em :/home/superBits/projetos/coletivoJava/source/erpColetivoJava/SBErpServicoComunicacao/modelRegras/src/main/java/org/coletivoJava/fw/projetos/erpColetivoJava/api/model/mensagemtransito/CPMensagemTransito.java
-------------
package org.coletivoJava.fw.projetos.erpColetivoJava.api.model.mensagemtransito;

import com.super_bits.casanovadigital.servicos.messagens.model.mensagem.MensagemTransito;
import com.super_bits.modulosSB.SBCore.modulos.objetos.InfoCampos.anotacoes.InfoReferenciaEntidade;

@InfoReferenciaEntidade(tipoObjeto = MensagemTransito.class)
public enum CPMensagemTransito {
	_ID, _NOME, _TIPOMENSAGEM, _ENTRADAIDENTIFICADORWHATSAPP, _SALACODIGOMATRIX, _TIPOORIGEM, _REGISTRADO, _ENCAMINHADO, _LIDO, _DATAHORACRIACAO, _DAHORAEXPIRAR;

	public static final String id = "id";
	public static final String nome = "nome";
	public static final String tipomensagem = "tipoMensagem";
	public static final String entradaidentificadorwhatsapp = "entradaIdentificadorWhatsapp";
	public static final String salacodigomatrix = "salaCodigoMatrix";
	public static final String tipoorigem = "tipoOrigem";
	public static final String registrado = "registrado";
	public static final String encaminhado = "encaminhado";
	public static final String lido = "lido";
	public static final String datahoracriacao = "dataHoraCriacao";
	public static final String dahoraexpirar = "daHoraExpirar";
}
O código abaixo será Salvo em :/home/superBits/projetos/coletivoJava/source/erpColetivoJava/SBErpServicoComunicacao/modelRegras/src/main/java/org/coletivoJava/fw/projetos/erpColetivoJava/api/model/encaminhamentomatrixparawtzp/CPEncaminhamentoMatrixParaWtzp.java
-------------
package org.coletivoJava.fw.projetos.erpColetivoJava.api.model.encaminhamentomatrixparawtzp;

import com.super_bits.casanovadigital.servicos.messagens.model.mensagem.EncaminhamentoMatrixParaWtzp;
import com.super_bits.modulosSB.SBCore.modulos.objetos.InfoCampos.anotacoes.InfoReferenciaEntidade;

@InfoReferenciaEntidade(tipoObjeto = EncaminhamentoMatrixParaWtzp.class)
public enum CPEncaminhamentoMatrixParaWtzp {
	_ID, _NOME, _RECIBOREGISTROOWTZP, _RECIBOENTREGAWTZP, _RECIBOLEITURAWTZP, _CONTATO, _MENSAGEM;

	public static final String id = "id";
	public static final String nome = "nome";
	public static final String reciboregistroowtzp = "reciboRegistrooWtzp";
	public static final String reciboentregawtzp = "reciboEntregaWtzp";
	public static final String reciboleiturawtzp = "reciboLeituraWtzp";
	public static final String contato = "contato";
	public static final String mensagem = "mensagem";
}
O código abaixo será Salvo em :/home/superBits/projetos/coletivoJava/source/erpColetivoJava/SBErpServicoComunicacao/modelRegras/src/main/java/org/coletivoJava/fw/projetos/erpColetivoJava/api/model/canalominiechannel/CPCanalOminieChannel.java
-------------
package org.coletivoJava.fw.projetos.erpColetivoJava.api.model.canalominiechannel;

import com.super_bits.casanovadigital.servicos.messagens.model.agente.canais.CanalOminieChannel;
import com.super_bits.modulosSB.SBCore.modulos.objetos.InfoCampos.anotacoes.InfoReferenciaEntidade;

@InfoReferenciaEntidade(tipoObjeto = CanalOminieChannel.class)
public enum CPCanalOminieChannel {
	_ID, _DESCRICAO;

	public static final String id = "id";
	public static final String descricao = "descricao";
}
O código abaixo será Salvo em :/home/superBits/projetos/coletivoJava/source/erpColetivoJava/SBErpServicoComunicacao/modelRegras/src/main/java/org/coletivoJava/fw/projetos/erpColetivoJava/api/model/contato/CPContato.java
-------------
package org.coletivoJava.fw.projetos.erpColetivoJava.api.model.contato;

import com.super_bits.casanovadigital.servicos.messagens.model.agente.Contato;
import com.super_bits.modulosSB.SBCore.modulos.objetos.InfoCampos.anotacoes.InfoReferenciaEntidade;

@InfoReferenciaEntidade(tipoObjeto = Contato.class)
public enum CPContato {
	_WAID, _JSONDADOSDOCONTEXTO, _DATAHORAULTIMAINTERACAO, _CONTEXTOS;

	public static final String waid = "waid";
	public static final String jsondadosdocontexto = "jsonDadosDoContexto";
	public static final String datahoraultimainteracao = "dataHoraUltimaInteracao";
	public static final String contextos = "contextos";
}
O código abaixo será Salvo em :/home/superBits/projetos/coletivoJava/source/erpColetivoJava/SBErpServicoComunicacao/modelRegras/src/main/java/org/coletivoJava/fw/projetos/erpColetivoJava/api/model/contextocontato/CPContextoContato.java
-------------
package org.coletivoJava.fw.projetos.erpColetivoJava.api.model.contextocontato;

import com.super_bits.casanovadigital.servicos.messagens.model.agente.ContextoContato;
import com.super_bits.modulosSB.SBCore.modulos.objetos.InfoCampos.anotacoes.InfoReferenciaEntidade;

@InfoReferenciaEntidade(tipoObjeto = ContextoContato.class)
public enum CPContextoContato {
	_ID, _CONTATO, _CANAL, _CODIGOENTRADA, _TRILHAATUAL, _DATAHORAINTERACAOCONTATO, _DATAHORAINTERACAOATENDIMENTO, _DATAHORAINICIOSESSAO, _DATAHORAFINALSESSAO;

	public static final String id = "id";
	public static final String contato = "contato";
	public static final String canal = "canal";
	public static final String codigoentrada = "codigoEntrada";
	public static final String trilhaatual = "trilhaAtual";
	public static final String datahorainteracaocontato = "dataHoraInteracaoContato";
	public static final String datahorainteracaoatendimento = "dataHoraInteracaoAtendimento";
	public static final String datahorainiciosessao = "dataHoraInicioSessao";
	public static final String datahorafinalsessao = "dataHoraFinalSessao";
}
O código abaixo será Salvo em :/home/superBits/projetos/coletivoJava/source/erpColetivoJava/SBErpServicoComunicacao/modelRegras/src/main/java/org/coletivoJava/fw/projetos/erpColetivoJava/api/model/pessoa/CPPessoa.java
-------------
package org.coletivoJava.fw.projetos.erpColetivoJava.api.model.pessoa;

import com.super_bits.casanovadigital.servicos.messagens.model.agente.Pessoa;
import com.super_bits.modulosSB.SBCore.modulos.objetos.InfoCampos.anotacoes.InfoReferenciaEntidade;

@InfoReferenciaEntidade(tipoObjeto = Pessoa.class)
public enum CPPessoa {
	_ID, _NOME, _AVATARWATSAP, _MATRIXID, _TIPOPESSOA, _DATAHORACRIACAO, _EMAIL, _TELEFONE;

	public static final String id = "id";
	public static final String nome = "nome";
	public static final String avatarwatsap = "avatarWatsap";
	public static final String matrixid = "matrixID";
	public static final String tipopessoa = "tipoPessoa";
	public static final String datahoracriacao = "dataHoraCriacao";
	public static final String email = "email";
	public static final String telefone = "telefone";
}
]]></system-out>
    <system-err><![CDATA[SLF4J: Failed to load class "org.slf4j.impl.StaticLoggerBinder".
SLF4J: Defaulting to no-operation (NOP) logger implementation
SLF4J: See http://www.slf4j.org/codes.html#StaticLoggerBinder for further details.
]]></system-err>
  </testcase>
</testsuite>